[    0.000000] Initializing cgroup subsys cpuset
[    0.000000] Initializing cgroup subsys cpu
[    0.000000] Initializing cgroup subsys cpuacct
[    0.000000] Linux version 4.4.0-83-generic (buildd@lgw01-29) (gcc version 5.4.0 20160609 (Ubuntu 5.4.0-6ubuntu1~16.04.4) ) #106-Ubuntu SMP Mon Jun 26 17:54:43 UTC 2017 (Ubuntu 4.4.0-83.106-generic 4.4.70)
[    0.000000] Command line: BOOT_IMAGE=/boot/vmlinuz-4.4.0-83-generic root=LABEL=cloudimg-rootfs ro console=tty1 console=ttyS0
[    0.000000] KERNEL supported cpus:
[    0.000000]   Intel GenuineIntel
[    0.000000]   AMD AuthenticAMD
[    0.000000]   Centaur CentaurHauls
[    0.000000] x86/fpu: xstate_offset[2]:  576, xstate_sizes[2]:  256
[    0.000000] x86/fpu: Supporting XSAVE feature 0x01: 'x87 floating point registers'
[    0.000000] x86/fpu: Supporting XSAVE feature 0x02: 'SSE registers'
[    0.000000] x86/fpu: Supporting XSAVE feature 0x04: 'AVX registers'
[    0.000000] x86/fpu: Enabled xstate features 0x7, context size is 832 bytes, using 'standard' format.
[    0.000000] x86/fpu: Using 'lazy' FPU context switches.
[    0.000000] e820: BIOS-provided physical RAM map:
[    0.000000] BIOS-e820: [mem 0x0000000000000000-0x000000000009fbff] usable
[    0.000000] BIOS-e820: [mem 0x000000000009fc00-0x000000000009ffff] reserved
[    0.000000] BIOS-e820: [mem 0x00000000000f0000-0x00000000000fffff] reserved
[    0.000000] BIOS-e820: [mem 0x0000000000100000-0x00000000dffeffff] usable
[    0.000000] BIOS-e820: [mem 0x00000000dfff0000-0x00000000dfffffff] ACPI data
[    0.000000] BIOS-e820: [mem 0x00000000fec00000-0x00000000fec00fff] reserved
[    0.000000] BIOS-e820: [mem 0x00000000fee00000-0x00000000fee00fff] reserved
[    0.000000] BIOS-e820: [mem 0x00000000fffc0000-0x00000000ffffffff] reserved
[    0.000000] BIOS-e820: [mem 0x0000000100000000-0x000000011fffffff] usable
[    0.000000] NX (Execute Disable) protection: active
[    0.000000] SMBIOS 2.5 present.
[    0.000000] Hypervisor detected: KVM
[    0.000000] e820: last_pfn = 0x120000 max_arch_pfn = 0x400000000
[    0.000000] MTRR: Disabled
[    0.000000] x86/PAT: MTRRs disabled, skipping PAT initialization too.
[    0.000000] x86/PAT: Configuration [0-7]: WB  WT  UC- UC  WB  WT  UC- UC  
[    0.000000] CPU MTRRs all blank - virtualized system.
[    0.000000] e820: last_pfn = 0xdfff0 max_arch_pfn = 0x400000000
[    0.000000] found SMP MP-table at [mem 0x0009fff0-0x0009ffff] mapped at [ffff88000009fff0]
[    0.000000] Scanning 1 areas for low memory corruption
[    0.000000] RAMDISK: [mem 0x36aca000-0x3755cfff]
[    0.000000] ACPI: Early table checksum verification disabled
[    0.000000] ACPI: RSDP 0x00000000000E0000 000024 (v02 VBOX  )
[    0.000000] ACPI: XSDT 0x00000000DFFF0030 00003C (v01 VBOX   VBOXXSDT 00000001 ASL  00000061)
[    0.000000] ACPI: FACP 0x00000000DFFF00F0 0000F4 (v04 VBOX   VBOXFACP 00000001 ASL  00000061)
[    0.000000] ACPI: DSDT 0x00000000DFFF0470 0021C8 (v02 VBOX   VBOXBIOS 00000002 INTL 20100528)
[    0.000000] ACPI: FACS 0x00000000DFFF0200 000040
[    0.000000] ACPI: FACS 0x00000000DFFF0200 000040
[    0.000000] ACPI: APIC 0x00000000DFFF0240 00005C (v02 VBOX   VBOXAPIC 00000001 ASL  00000061)
[    0.000000] ACPI: SSDT 0x00000000DFFF02A0 0001CC (v01 VBOX   VBOXCPUT 00000002 INTL 20100528)
[    0.000000] No NUMA configuration found
[    0.000000] Faking a node at [mem 0x0000000000000000-0x000000011fffffff]
[    0.000000] NODE_DATA(0) allocated [mem 0x11fff7000-0x11fffbfff]
[    0.000000] kvm-clock: Using msrs 4b564d01 and 4b564d00
[    0.000000] kvm-clock: cpu 0, msr 1:1ffef001, primary cpu clock
[    0.000000] kvm-clock: using sched offset of 4092338222 cycles
[    0.000000] clocksource: kvm-clock: mask: 0xffffffffffffffff max_cycles: 0x1cd42e4dffb, max_idle_ns: 881590591483 ns
[    0.000000] Zone ranges:
[    0.000000]   DMA      [mem 0x0000000000001000-0x0000000000ffffff]
[    0.000000]   DMA32    [mem 0x0000000001000000-0x00000000ffffffff]
[    0.000000]   Normal   [mem 0x0000000100000000-0x000000011fffffff]
[    0.000000]   Device   empty
[    0.000000] Movable zone start for each node
[    0.000000] Early memory node ranges
[    0.000000]   node   0: [mem 0x0000000000001000-0x000000000009efff]
[    0.000000]   node   0: [mem 0x0000000000100000-0x00000000dffeffff]
[    0.000000]   node   0: [mem 0x0000000100000000-0x000000011fffffff]
[    0.000000] Initmem setup node 0 [mem 0x0000000000001000-0x000000011fffffff]
[    0.000000] ACPI: PM-Timer IO Port: 0x4008
[    0.000000] IOAPIC[0]: apic_id 2, version 32, address 0xfec00000, GSI 0-23
[    0.000000] ACPI: INT_SRC_OVR (bus 0 bus_irq 0 global_irq 2 dfl dfl)
[    0.000000] ACPI: INT_SRC_OVR (bus 0 bus_irq 9 global_irq 9 high level)
[    0.000000] Using ACPI (MADT) for SMP configuration information
[    0.000000] smpboot: Allowing 2 CPUs, 0 hotplug CPUs
[    0.000000] PM: Registered nosave memory: [mem 0x00000000-0x00000fff]
[    0.000000] PM: Registered nosave memory: [mem 0x0009f000-0x0009ffff]
[    0.000000] PM: Registered nosave memory: [mem 0x000a0000-0x000effff]
[    0.000000] PM: Registered nosave memory: [mem 0x000f0000-0x000fffff]
[    0.000000] PM: Registered nosave memory: [mem 0xdfff0000-0xdfffffff]
[    0.000000] PM: Registered nosave memory: [mem 0xe0000000-0xfebfffff]
[    0.000000] PM: Registered nosave memory: [mem 0xfec00000-0xfec00fff]
[    0.000000] PM: Registered nosave memory: [mem 0xfec01000-0xfedfffff]
[    0.000000] PM: Registered nosave memory: [mem 0xfee00000-0xfee00fff]
[    0.000000] PM: Registered nosave memory: [mem 0xfee01000-0xfffbffff]
[    0.000000] PM: Registered nosave memory: [mem 0xfffc0000-0xffffffff]
[    0.000000] e820: [mem 0xe0000000-0xfebfffff] available for PCI devices
[    0.000000] Booting paravirtualized kernel on KVM
[    0.000000] clocksource: refined-jiffies: mask: 0xffffffff max_cycles: 0xffffffff, max_idle_ns: 7645519600211568 ns
[    0.000000] setup_percpu: NR_CPUS:512 nr_cpumask_bits:512 nr_cpu_ids:2 nr_node_ids:1
[    0.000000] PERCPU: Embedded 33 pages/cpu @ffff88011fc00000 s98264 r8192 d28712 u1048576
[    0.000000] PV qspinlock hash table entries: 256 (order: 0, 4096 bytes)
[    0.000000] Built 1 zonelists in Node order, mobility grouping on.  Total pages: 1032057
[    0.000000] Policy zone: Normal
[    0.000000] Kernel command line: BOOT_IMAGE=/boot/vmlinuz-4.4.0-83-generic root=LABEL=cloudimg-rootfs ro console=tty1 console=ttyS0
[    0.000000] PID hash table entries: 4096 (order: 3, 32768 bytes)
[    0.000000] Memory: 4032260K/4193848K available (8469K kernel code, 1294K rwdata, 3984K rodata, 1488K init, 1316K bss, 161588K reserved, 0K cma-reserved)
[    0.000000] SLUB: HWalign=64, Order=0-3, MinObjects=0, CPUs=2, Nodes=1
[    0.000000] Hierarchical RCU implementation.
[    0.000000] 	Build-time adjustment of leaf fanout to 64.
[    0.000000] 	RCU restricting CPUs from NR_CPUS=512 to nr_cpu_ids=2.
[    0.000000] RCU: Adjusting geometry for rcu_fanout_leaf=64, nr_cpu_ids=2
[    0.000000] NR_IRQS:33024 nr_irqs:440 16
[    0.000000] Console: colour VGA+ 80x25
[    0.000000] console [tty1] enabled
[    0.000000] console [ttyS0] enabled
[    0.000000] tsc: Detected 1599.999 MHz processor
[    2.651944] Calibrating delay loop (skipped) preset value.. 3199.99 BogoMIPS (lpj=6399996)
[    2.725600] pid_max: default: 32768 minimum: 301
[    2.755648] ACPI: Core revision 20150930
[    2.786340] ACPI: 2 ACPI AML tables successfully acquired and loaded
[    2.800055] Security Framework initialized
[    2.803922] Yama: becoming mindful.
[    2.811565] AppArmor: AppArmor initialized
[    2.817113] Dentry cache hash table entries: 524288 (order: 10, 4194304 bytes)
[    2.846790] Inode-cache hash table entries: 262144 (order: 9, 2097152 bytes)
[    2.856701] Mount-cache hash table entries: 8192 (order: 4, 65536 bytes)
[    2.864964] Mountpoint-cache hash table entries: 8192 (order: 4, 65536 bytes)
[    2.880581] Initializing cgroup subsys io
[    2.887579] Initializing cgroup subsys memory
[    2.897328] Initializing cgroup subsys devices
[    2.910379] Initializing cgroup subsys freezer
[    2.977701] Initializing cgroup subsys net_cls
[    3.028413] Initializing cgroup subsys perf_event
[    3.030104] Initializing cgroup subsys net_prio
[    3.032056] Initializing cgroup subsys hugetlb
[    3.033558] Initializing cgroup subsys pids
[    3.035718] CPU: Physical Processor ID: 0
[    3.037007] CPU: Processor Core ID: 0
[    3.041161] mce: CPU supports 0 MCE banks
[    3.043973] Last level iTLB entries: 4KB 64, 2MB 8, 4MB 8
[    3.046062] Last level dTLB entries: 4KB 64, 2MB 0, 4MB 0, 1GB 4
[    3.059803] Freeing SMP alternatives memory: 32K (ffffffff820b9000 - ffffffff820c1000)
[    3.115436] ftrace: allocating 32129 entries in 126 pages
[    3.176220] smpboot: APIC(0) Converting physical 0 to logical package 0
[    3.179359] smpboot: Max logical packages: 1
[    3.202363] x2apic enabled
[    3.221161] Switched APIC routing to physical x2apic.
[    3.242902] ..TIMER: vector=0x30 apic1=0 pin1=2 apic2=-1 pin2=-1
[    3.361967] smpboot: CPU0: Intel(R) Core(TM) i5-5250U CPU @ 1.60GHz (family: 0x6, model: 0x3d, stepping: 0x4)
[    3.395886] Performance Events: unsupported p6 CPU model 61 no PMU driver, software events only.
[    3.419917] KVM setup paravirtual spinlock
[    3.447824] x86: Booting SMP configuration:
[    3.452332] .... node  #0, CPUs:      #1
[    3.460438] kvm-clock: cpu 1, msr 1:1ffef041, secondary cpu clock
[    3.468807] mce: CPU supports 0 MCE banks
[    3.476571] x86: Booted up 1 node, 2 CPUs
[    3.486818] smpboot: Total of 2 processors activated (6399.99 BogoMIPS)
[    3.490873] devtmpfs: initialized
[    3.500528] evm: security.selinux
[    3.502060] evm: security.SMACK64
[    3.503072] evm: security.SMACK64EXEC
[    3.504192] evm: security.SMACK64TRANSMUTE
[    3.508730] evm: security.SMACK64MMAP
[    3.509900] evm: security.ima
[    3.510857] evm: security.capability
[    3.512378] clocksource: jiffies: mask: 0xffffffff max_cycles: 0xffffffff, max_idle_ns: 7645041785100000 ns
[    3.515872] futex hash table entries: 512 (order: 3, 32768 bytes)
[    3.526173] pinctrl core: initialized pinctrl subsystem
[    3.527808] RTC time: 18:22:07, date: 07/17/17
[    3.530847] NET: Registered protocol family 16
[    3.547657] cpuidle: using governor ladder
[    3.563739] cpuidle: using governor menu
[    3.567171] PCCT header not found.
[    3.569512] ACPI: bus type PCI registered
[    3.571072] acpiphp: ACPI Hot Plug PCI Controller Driver version: 0.5
[    3.575523] PCI: Using configuration type 1 for base access
[    3.612893] ACPI: Added _OSI(Module Device)
[    3.620060] ACPI: Added _OSI(Processor Device)
[    3.649776] ACPI: Added _OSI(3.0 _SCP Extensions)
[    3.661178] ACPI: Added _OSI(Processor Aggregator Device)
[    3.669161] ACPI: Executed 1 blocks of module-level executable AML code
[    3.679048] ACPI: Interpreter enabled
[    3.682149] ACPI: (supports S0 S5)
[    3.714298] ACPI: Using IOAPIC for interrupt routing
[    3.736032] PCI: Using host bridge windows from ACPI; if necessary, use "pci=nocrs" and report a bug
[    3.750082] ACPI: PCI Root Bridge [PCI0] (domain 0000 [bus 00-ff])
[    3.782356] acpi PNP0A03:00: _OSC: OS supports [ASPM ClockPM Segments MSI]
[    3.797709] acpi PNP0A03:00: _OSC failed (AE_NOT_FOUND); disabling ASPM
[    3.842258] acpi PNP0A03:00: fail to add MMCONFIG information, can't access extended PCI configuration space under this bridge.
[    3.868398] PCI host bridge to bus 0000:00
[    3.883116] pci_bus 0000:00: root bus resource [io  0x0000-0x0cf7 window]
[    3.908024] pci_bus 0000:00: root bus resource [io  0x0d00-0xffff window]
[    3.938355] pci_bus 0000:00: root bus resource [mem 0x000a0000-0x000bffff window]
[    3.974858] pci_bus 0000:00: root bus resource [mem 0xe0000000-0xffdfffff window]
[    3.990861] pci_bus 0000:00: root bus resource [bus 00-ff]
[    4.014574] pci 0000:00:01.1: legacy IDE quirk: reg 0x10: [io  0x01f0-0x01f7]
[    4.037023] pci 0000:00:01.1: legacy IDE quirk: reg 0x14: [io  0x03f6]
[    4.052919] pci 0000:00:01.1: legacy IDE quirk: reg 0x18: [io  0x0170-0x0177]
[    4.066720] pci 0000:00:01.1: legacy IDE quirk: reg 0x1c: [io  0x0376]
[    4.153936] pci 0000:00:07.0: quirk: [io  0x4000-0x403f] claimed by PIIX4 ACPI
[    4.165240] pci 0000:00:07.0: quirk: [io  0x4100-0x410f] claimed by PIIX4 SMB
[    4.226111] ACPI: PCI Interrupt Link [LNKA] (IRQs 5 9 10 *11)
[    4.245455] ACPI: PCI Interrupt Link [LNKB] (IRQs 5 9 10 *11)
[    4.247443] ACPI: PCI Interrupt Link [LNKC] (IRQs 5 9 *10 11)
[    4.268523] ACPI: PCI Interrupt Link [LNKD] (IRQs 5 *9 10 11)
[    4.290617] ACPI: Enabled 2 GPEs in block 00 to 07
[    4.348452] vgaarb: setting as boot device: PCI:0000:00:02.0
[    4.385852] vgaarb: device added: PCI:0000:00:02.0,decodes=io+mem,owns=io+mem,locks=none
[    4.401474] vgaarb: loaded
[    4.404997] vgaarb: bridge control possible 0000:00:02.0
[    4.412096] SCSI subsystem initialized
[    4.413774] ACPI: bus type USB registered
[    4.419062] usbcore: registered new interface driver usbfs
[    4.437030] usbcore: registered new interface driver hub
[    4.450328] usbcore: registered new device driver usb
[    4.455868] PCI: Using ACPI for IRQ routing
[    4.459571] NetLabel: Initializing
[    4.463018] NetLabel:  domain hash size = 128
[    4.502695] NetLabel:  protocols = UNLABELED CIPSOv4
[    4.586442] NetLabel:  unlabeled traffic allowed by default
[    4.605006] amd_nb: Cannot enumerate AMD northbridges
[    4.631475] clocksource: Switched to clocksource kvm-clock
[    4.664429] AppArmor: AppArmor Filesystem Enabled
[    4.698811] pnp: PnP ACPI init
[    4.730869] pnp: PnP ACPI: found 3 devices
[    4.793627] clocksource: acpi_pm: mask: 0xffffff max_cycles: 0xffffff, max_idle_ns: 2085701024 ns
[    4.859089] NET: Registered protocol family 2
[    4.940695] TCP established hash table entries: 32768 (order: 6, 262144 bytes)
[    5.015927] TCP bind hash table entries: 32768 (order: 7, 524288 bytes)
[    5.104688] TCP: Hash tables configured (established 32768 bind 32768)
[    5.162355] UDP hash table entries: 2048 (order: 4, 65536 bytes)
[    5.173380] UDP-Lite hash table entries: 2048 (order: 4, 65536 bytes)
[    5.193274] NET: Registered protocol family 1
[    5.209551] pci 0000:00:00.0: Limiting direct PCI/PCI transfers
[    5.221518] pci 0000:00:01.0: Activating ISA DMA hang workarounds
[    5.236062] Unpacking initramfs...
[    7.738026] Freeing initrd memory: 10828K (ffff880036aca000 - ffff88003755d000)
[    7.761224] PCI-DMA: Using software bounce buffering for IO (SWIOTLB)
[    7.766759] software IO TLB [mem 0xdbff0000-0xdfff0000] (64MB) mapped at [ffff8800dbff0000-ffff8800dffeffff]
[    7.814646] RAPL PMU detected, API unit is 2^-32 Joules, 4 fixed counters 10737418240 ms ovfl timer
[    7.817078] hw unit of domain pp0-core 2^-0 Joules
[    7.862051] hw unit of domain package 2^-0 Joules
[    7.863282] hw unit of domain dram 2^-0 Joules
[    7.879622] hw unit of domain pp1-gpu 2^-0 Joules
[    7.896399] platform rtc_cmos: registered platform RTC device (no PNP device found)
[    7.926088] Scanning for low memory corruption every 60 seconds
[    7.986056] audit: initializing netlink subsys (disabled)
[    8.007922] audit: type=2000 audit(1500315733.903:1): initialized
[    8.081143] Initialise system trusted keyring
[    8.118959] HugeTLB registered 2 MB page size, pre-allocated 0 pages
[    8.202453] zbud: loaded
[    8.228756] VFS: Disk quotas dquot_6.6.0
[    8.278132] VFS: Dquot-cache hash table entries: 512 (order 0, 4096 bytes)
[    8.349716] squashfs: version 4.0 (2009/01/31) Phillip Lougher
[    8.395284] fuse init (API version 7.23)
[    8.435206] Key type big_key registered
[    8.464789] Allocating IMA MOK and blacklist keyrings.
[    8.519933] Key type asymmetric registered
[    8.536782] Asymmetric key parser 'x509' registered
[    8.598438] Block layer SCSI generic (bsg) driver version 0.4 loaded (major 249)
[    8.640826] io scheduler noop registered
[    8.680212] io scheduler deadline registered (default)
[    8.702462] io scheduler cfq registered
[    8.712900] pci_hotplug: PCI Hot Plug PCI Core version: 0.5
[    8.726168] pciehp: PCI Express Hot Plug Controller Driver version: 0.4
[    8.747411] ACPI: AC Adapter [AC] (off-line)
[    8.762024] input: Power Button as /devices/LNXSYSTM:00/LNXPWRBN:00/input/input0
[    8.770894] ACPI: Power Button [PWRF]
[    8.777801] input: Sleep Button as /devices/LNXSYSTM:00/LNXSLPBN:00/input/input1
[    8.897109] tsc: Refined TSC clocksource calibration: 1600.233 MHz
[    8.897112] clocksource: tsc: mask: 0xffffffffffffffff max_cycles: 0x1711011f768, max_idle_ns: 440795255750 ns
[    8.917446] ACPI: Sleep Button [SLPF]
[    8.931667] GHES: HEST is not enabled!
[    8.932049] ACPI: Battery Slot [BAT0] (battery present)
[    8.994626] Serial: 8250/16550 driver, 32 ports, IRQ sharing enabled
[    9.063849] 00:02: ttyS0 at I/O 0x3f8 (irq = 4, base_baud = 115200) is a 16550A
[    9.167555] Linux agpgart interface v0.103
[    9.182906] loop: module loaded
[    9.201314] scsi host0: ata_piix
[    9.219305] scsi host1: ata_piix
[    9.237111] ata1: PATA max UDMA/33 cmd 0x1f0 ctl 0x3f6 bmdma 0xd000 irq 14
[    9.256841] ata2: PATA max UDMA/33 cmd 0x170 ctl 0x376 bmdma 0xd008 irq 15
[    9.267854] libphy: Fixed MDIO Bus: probed
[    9.290326] tun: Universal TUN/TAP device driver, 1.6
[    9.308377] tun: (C) 1999-2004 Max Krasnyansky <maxk@qualcomm.com>
[    9.357265] PPP generic driver version 2.4.2
[    9.376613] ehci_hcd: USB 2.0 'Enhanced' Host Controller (EHCI) Driver
[    9.401840] ehci-pci: EHCI PCI platform driver
[    9.414564] ehci-platform: EHCI generic platform driver
[    9.415914] ohci_hcd: USB 1.1 'Open' Host Controller (OHCI) Driver
[    9.423692] ohci-pci: OHCI PCI platform driver
[    9.468578] ohci-platform: OHCI generic platform driver
[    9.523614] uhci_hcd: USB Universal Host Controller Interface driver
[    9.525549] i8042: PNP: PS/2 Controller [PNP0303:PS2K,PNP0f03:PS2M] at 0x60,0x64 irq 1,12
[    9.533884] serio: i8042 KBD port at 0x60,0x64 irq 1
[    9.589667] serio: i8042 AUX port at 0x60,0x64 irq 12
[    9.607498] mousedev: PS/2 mouse device common for all mice
[    9.609683] rtc_cmos rtc_cmos: rtc core: registered rtc_cmos as rtc0
[    9.657462] input: AT Translated Set 2 keyboard as /devices/platform/i8042/serio0/input/input2
[    9.821601] rtc_cmos rtc_cmos: alarms up to one day, 114 bytes nvram
[    9.883156] i2c /dev entries driver
[    9.893876] device-mapper: uevent: version 1.0.3
[    9.909077] device-mapper: ioctl: 4.34.0-ioctl (2015-10-28) initialised: dm-devel@redhat.com
[    9.931006] ledtrig-cpu: registered to indicate activity on CPUs
[    9.950206] NET: Registered protocol family 10
[    9.988938] NET: Registered protocol family 17
[   10.037115] Key type dns_resolver registered
[   10.058352] microcode: CPU0 sig=0x306d4, pf=0x40, revision=0x0
[   10.061487] microcode: CPU1 sig=0x306d4, pf=0x40, revision=0x0
[   10.077080] microcode: Microcode Update Driver: v2.01 <tigran@aivazian.fsnet.co.uk>, Peter Oruba
[   10.220347] registered taskstats version 1
[   10.258548] Loading compiled-in X.509 certificates
[   10.332908] Loaded X.509 cert 'Build time autogenerated kernel key: 35105354eb779045e4d9ad793dead39d5ee93f76'
[   10.432013] zswap: loaded using pool lzo/zbud
[   10.436246] Key type trusted registered
[   10.494271] Key type encrypted registered
[   10.548213] AppArmor: AppArmor sha1 policy hashing enabled
[   10.607626] ima: No TPM chip found, activating TPM-bypass!
[   10.651484] evm: HMAC attrs: 0x1
[   10.674352]   Magic number: 9:17:393
[   10.699041] rtc_cmos rtc_cmos: setting system clock to 2017-07-17 18:22:14 UTC (1500315734)
[   10.749835] BIOS EDD facility v0.16 2004-Jun-25, 0 devices found
[   10.797034] EDD information not available.
[   10.831098] Freeing unused kernel memory: 1488K (ffffffff81f45000 - ffffffff820b9000)
[   10.943759] Write protecting the kernel read-only data: 14336k
[   10.949981] Freeing unused kernel memory: 1760K (ffff880001848000 - ffff880001a00000)
[   10.976305] Freeing unused kernel memory: 112K (ffff880001de4000 - ffff880001e00000)
Loading, please wait...
starting version[   11.034303] random: systemd-udevd: uninitialized urandom read (16 bytes read, 7 bits of entropy available)
 229
[   11.036489] random: udevadm: uninitialized urandom read (16 bytes read, 7 bits of entropy available)
[   11.036570] random: udevadm: uninitialized urandom read (16 bytes read, 7 bits of entropy available)
[   11.036820] random: udevadm: uninitialized urandom read (16 bytes read, 7 bits of entropy available)
[   11.037118] random: udevadm: uninitialized urandom read (16 bytes read, 7 bits of entropy available)
[   11.037206] random: udevadm: uninitialized urandom read (16 bytes read, 7 bits of entropy available)
[   11.037283] random: udevadm: uninitialized urandom read (16 bytes read, 7 bits of entropy available)
[   11.037353] random: udevadm: uninitialized urandom read (16 bytes read, 7 bits of entropy available)
[   11.037419] random: udevadm: uninitialized urandom read (16 bytes read, 7 bits of entropy available)
[   11.037488] random: udevadm: uninitialized urandom read (16 bytes read, 7 bits of entropy available)
[   11.391997] e1000: Intel(R) PRO/1000 Network Driver - version 7.3.21-k8-NAPI
[   11.416492] e1000: Copyright (c) 1999-2006 Intel Corporation.
[   11.569054] Fusion MPT base driver 3.04.20
[   11.610974] Copyright (c) 1999-2008 LSI Corporation
[   11.660306] Fusion MPT SPI Host driver 3.04.20
[   11.808239] AVX version of gcm_enc/dec engaged.
[   11.825953] AES CTR mode by8 optimization enabled
[   11.862423] input: ImExPS/2 Generic Explorer Mouse as /devices/platform/i8042/serio1/input/input4
[   12.365098] e1000 0000:00:03.0 eth0: (PCI:33MHz:32-bit) 02:f4:7c:c4:3b:a3
[   12.372073] e1000 0000:00:03.0 eth0: Intel(R) PRO/1000 Network Connection
[   12.385020] mptbase: ioc0: Initiating bringup
[   12.468419] ioc0: LSI53C1030 A0: Capabilities={Initiator}
[   12.662892] scsi host2: ioc0: LSI53C1030 A0, FwRev=00000000h, Ports=1, MaxQ=256, IRQ=20
[   12.777306] scsi 2:0:0:0: Direct-Access     VBOX     HARDDISK         1.0  PQ: 0 ANSI: 5
[   12.858308] scsi target2:0:0: Beginning Domain Validation
[   12.953765] scsi target2:0:0: Domain Validation skipping write tests
[   12.973761] scsi target2:0:0: Ending Domain Validation
[   12.976504] scsi target2:0:0: asynchronous
[   12.980895] scsi 2:0:1:0: Direct-Access     VBOX     HARDDISK         1.0  PQ: 0 ANSI: 5
[   12.991062] scsi target2:0:1: Beginning Domain Validation
[   13.004453] scsi target2:0:1: Domain Validation skipping write tests
[   13.011775] scsi target2:0:1: Ending Domain Validation
[   13.015746] scsi target2:0:1: asynchronous
[   13.032880] sd 2:0:0:0: Attached scsi generic sg0 type 0
[   13.036031] sd 2:0:0:0: [sda] 20971520 512-byte logical blocks: (10.7 GB/10.0 GiB)
[   13.040042] sd 2:0:0:0: [sda] Write Protect is off
[   13.042594] sd 2:0:1:0: Attached scsi generic sg1 type 0
[   13.043883] sd 2:0:1:0: [sdb] 20480 512-byte logical blocks: (10.5 MB/10.0 MiB)
[   13.044085] sd 2:0:1:0: [sdb] Write Protect is off
[   13.044206] sd 2:0:1:0: [sdb] Incomplete mode parameter data
[   13.044207] sd 2:0:1:0: [sdb] Assuming drive cache: write through
[   13.061970] sd 2:0:0:0: [sda] Incomplete mode parameter data
[   13.063739] sd 2:0:0:0: [sda] Assuming drive cache: write through
[   13.069025] sd 2:0:1:0: [sdb] Attached SCSI disk
[   13.071878]  sda: sda1
[   13.080800] sd 2:0:0:0: [sda] Attached SCSI disk
[   13.319017] e1000 0000:00:08.0 eth1: (PCI:33MHz:32-bit) 08:00:27:17:40:dc
[   13.420467] e1000 0000:00:08.0 eth1: Intel(R) PRO/1000 Network Connection
[   13.463403] e1000 0000:00:08.0 enp0s8: renamed from eth1
[   13.549451] e1000 0000:00:03.0 enp0s3: renamed from eth0
[   14.420453] floppy0: no floppy controllers found
Begin: Loading essential drivers ... [   15.957256] md: linear personality registered for level -1
[   15.973062] md: multipath personality registered for level -4
[   15.996449] md: raid0 personality registered for level 0
[   16.009948] md: raid1 personality registered for level 1
[   16.111628] raid6: sse2x1   gen()  4938 MB/s
[   16.207756] raid6: sse2x1   xor()  4493 MB/s
[   16.283744] raid6: sse2x2   gen()  7472 MB/s
[   16.383567] raid6: sse2x2   xor()  2642 MB/s
[   16.464869] raid6: sse2x4   gen()  7841 MB/s
[   16.535629] raid6: sse2x4   xor()  4591 MB/s
[   16.537066] raid6: using algorithm sse2x4 gen() 7841 MB/s
[   16.540237] raid6: .... xor() 4591 MB/s, rmw enabled
[   16.541618] raid6: using ssse3x2 recovery algorithm
[   16.550025] xor: automatically using best checksumming function:
[   16.607609]    avx       : 14783.000 MB/sec
[   16.628125] async_tx: api initialized (async)
[   16.651108] md: raid6 personality registered for level 6
[   16.656195] md: raid5 personality registered for level 5
[   16.691349] md: raid4 personality registered for level 4
[   16.718460] md: raid10 personality registered for level 10
done.
Begin: Running /scripts/init-premount ... done.
Begin: Mounting root file system ... Begin: Running /scripts/local-top ... done.
Begin: Running /scripts/local-premount ... [   16.774091] Btrfs loaded
Scanning for Btrfs filesystems
done.
Warning: fsck not present, so skipping root file[   16.853413] EXT4-fs (sda1): mounted filesystem with ordered data mode. Opts: (null)
 system
done.
Begin: Running /scripts/local-bottom ... done.
Begin: Running /scripts/init-bottom ... done.
[   17.364520] systemd[1]: systemd 229 running in system mode. (+PAM +AUDIT +SELINUX +IMA +APPARMOR +SMACK +SYSVINIT +UTMP +LIBCRYPTSETUP +GCRYPT +GNUTLS +ACL +XZ -LZ4 +SECCOMP +BLKID +ELFUTILS +KMOD -IDN)
[   17.382063] systemd[1]: Detected virtualization oracle.
[   17.398045] systemd[1]: Detected architecture x86-64.

Welcome to [1mUbuntu 16.04.2 LTS[0m!

[   17.439618] systemd[1]: Set hostname to <ubuntu-xenial>.
[   18.191752] systemd[1]: Started Forward Password Requests to Wall Directory Watch.
[[0;32m  OK  [0m] Started Forward Password Requests to Wall Directory Watch.
[   18.235619] systemd[1]: Listening on Journal Audit Socket.
[[0;32m  OK  [0m] Listening on Journal Audit Socket.
[   18.280871] systemd[1]: Reached target Encrypted Volumes.
[[0;32m  OK  [0m] Reached target Encrypted Volumes.
[   18.332973] systemd[1]: Created slice User and Session Slice.
[[0;32m  OK  [0m] Created slice User and Session Slice.
[   18.409906] systemd[1]: Listening on udev Kernel Socket.
[[0;32m  OK  [0m] Listening on udev Kernel Socket.
[   18.447511] systemd[1]: Listening on Journal Socket.
[[0;32m  OK  [0m] Listening on Journal Socket.
[   18.476744] systemd[1]: Set up automount Arbitrary Executable File Formats File System Automount Point.
[[0;32m  OK  [0m] Set up automount Arbitrary Executab...ats File System Automount Point.
[   18.532190] systemd[1]: Listening on /dev/initctl Compatibility Named Pipe.
[[0;32m  OK  [0m] Listening on /dev/initctl Compatibility Named Pipe.
[   18.608162] systemd[1]: Listening on Syslog Socket.
[[0;32m  OK  [0m] Listening on Syslog Socket.
[   18.662748] systemd[1]: Listening on Device-mapper event daemon FIFOs.
[[0;32m  OK  [0m] Listening on Device-mapper event daemon FIFOs.
[   18.701924] systemd[1]: Created slice System Slice.
[[0;32m  OK  [0m] Created slice System Slice.
[   18.748232] systemd[1]: Starting Nameserver information manager...
         Starting Nameserver information manager...
[   18.807828] systemd[1]: Starting Uncomplicated firewall...
         Starting Uncomplicated firewall...
[   18.827813] random: nonblocking pool is initialized
[   18.834581] systemd[1]: Starting Load Kernel Modules...
         [   18.850473] Loading iSCSI transport class v2.0-870.
Starting Load Kernel Modules...
[   18.867698] systemd[1]: Starting Set console keymap...
         Startin[   18.879977] iscsi: registered transport (tcp)
g Set console keymap...
[   18.944869] systemd[1]: Mounting Huge Pages File System...
         Mounting Huge Pa[   18.995678] iscsi: registered transport (iser)
ges File System...
[   19.040061] systemd[1]: Mounting Debug File System...
         Mounting Debug File System...
[   19.108261] systemd[1]: Starting Create list of required static device nodes for the current kernel...
         Starting Create list of required st... nodes for the current kernel...
[   19.209849] systemd[1]: Started Trigger resolvconf update for networkd DNS.
[[0;32m  OK  [0m] Started Trigger resolvconf update for networkd DNS.
[   19.240139] systemd[1]: Starting Remount Root and Kernel File Systems...
         [   19.307591] EXT4-fs (sda1): re-mounted. Opts: (null)
Starting Remount Root and Kernel File Systems...
[   19.357640] systemd[1]: Created slice system-serial\x2dgetty.slice.
[[0;32m  OK  [0m] Created slice system-serial\x2dgetty.slice.
[   19.499960] systemd[1]: Reached target Slices.
[[0;32m  OK  [0m] Reached target Slices.
[   19.535961] systemd[1]: Listening on LVM2 metadata daemon socket.
[[0;32m  OK  [0m] Listening on LVM2 metadata daemon socket.
[   19.564510] systemd[1]: Starting Monitoring of LVM2 mirrors, snapshots etc. using dmeventd or progress polling...
         Starting Monitoring of LVM2 mirrors... dmeventd or progress polling...
[   19.617846] systemd[1]: Listening on Journal Socket (/dev/log).
[[0;32m  OK  [0m] Listening on Journal Socket (/dev/log).
[   19.641505] systemd[1]: Starting Journal Service...
         Starting Journal Service...
[   19.654812] systemd[1]: Listening on LVM2 poll daemon socket.
[[0;32m  OK  [0m] Listening on LVM2 poll daemon socket.
[   19.670198] systemd[1]: Reached target User and Group Name Lookups.
[[0;32m  OK  [0m] Reached target User and Group Name Lookups.
[   19.728292] systemd[1]: Reached target Swap.
[[0;32m  OK  [0m] Reached target Swap.
[   19.801268] systemd[1]: Created slice system-postgresql.slice.
[[0;32m  OK  [0m] Created slice system-postgresql.slice.
[   19.827729] systemd[1]: Mounting POSIX Message Queue File System...
         Mounting POSIX Message Queue File System...
[   19.920644] systemd[1]: Listening on udev Control Socket.
[[0;32m  OK  [0m] Listening on udev Control Socket.
[   20.029768] systemd[1]: Mounted Debug File System.
[[0;32m  OK  [0m] Mounted Debug File System.
[   20.100360] systemd[1]: Mounted Huge Pages File System.
[[0;32m  OK  [0m] Mounted Huge Pages File System.
[   20.248207] systemd[1]: Mounted POSIX Message Queue File System.
[[0;32m  OK  [0m] Mounted POSIX Message Queue File System.
[   20.359943] systemd[1]: Started Journal Service.
[[0;32m  OK  [0m] Started Journal Service.
[[0;32m  OK  [0m] Started Uncomplicated firewall.
[[0;32m  OK  [0m] Started Load Kernel Modules.
[[0;32m  OK  [0m] Started Set console keymap.
[[0;32m  OK  [0m] Started Create list of required sta...ce nodes for the current kernel.
[[0;32m  OK  [0m] Started Remount Root and Kernel File Systems.
[[0;32m  OK  [0m] Started Nameserver information manager.
[[0;32m  OK  [0m] Started LVM2 metadata daemon.
         Starting udev Coldplug all Devices...
         Starting Load/Save Random Seed...
         Starting Initial cloud-init job (pre-networking)...
         Starting Create Static Device Nodes in /dev...
         Starting Apply Kernel Variables...
         Mounting FUSE Control File System...
         Starting Flush Journal to Persistent Storage...
[[0;32m  OK  [0m] Mounted FUSE Control File System.
[[0;32m  OK  [0m] Started Monitoring of LVM2 mirrors,...ng dmeventd or progress polling.
[[0;32m  OK  [0m] Started Load/Save Random Seed.
[[0;32m  OK  [0m] Started Create Static Device Nodes in /dev.
[[0;32m  OK  [0m] Started Apply Kernel Variables.
[[0;32m  OK  [0m] Started udev Coldplug all Devices.
         Starting udev Kernel Device Manager...
[[0;32m  OK  [0m] Started Flush Journal to Persistent Storage.
[[0;32m  OK  [0m] Started udev Kernel Device Manager.
[[0;32m  OK  [0m] Reached target Local File Systems (Pre).
[[0;32m  OK  [0m] Reached target Local File Systems.
         Starting Set console font and keymap...
         Starting LSB: AppArmor initialization...
         Starting Create Volatile Files and Directories...
         Starting Tell Plymouth To Write Out Runtime Data...
[[0;32m  OK  [0m] Started Dispatch Password Requests to Console Directory Watch.
[[0;32m  OK  [0m] Started Create Volatile Files and Directories.
[[0;32m  OK  [0m] Started Tell Plymouth To Write Out Runtime Data.
[[0;32m  OK  [0m] Found device /dev/ttyS0.
[[0;32m  OK  [0m] Started LSB: AppArmor initialization.
[[0;32m  OK  [0m] Listening on Load/Save RF Kill Switch Status /dev/rfkill Watch.
         Starting Update UTMP about System Boot/Shutdown...
[[0;32m  OK  [0m] Reached target System Time Synchronized.
[[0;32m  OK  [0m] Started Set console font and keymap.
[[0;32m  OK  [0m] Created slice system-getty.slice.
[[0;32m  OK  [0m] Started Update UTMP about System Boot/Shutdown.
[   19.887887] cloud-init[461]: Cloud-init v. 0.7.9 running 'init-local' at Mon, 17 Jul 2017 18:22:27 +0000. Up 19.31 seconds.
[[0;32m  OK  [0m] Started Initial cloud-init job (pre-networking).
[[0;32m  OK  [0m] Reached target Network (Pre).
[[0;32m  OK  [0m] Started ifup for enp0s3.
         Starting Raise network interfaces...
[[0;32m  OK  [0m] Started ifup for enp0s8.
[[0;32m  OK  [0m] Started Raise network interfaces.
         Starting Initial cloud-init job (metadata service crawler)...
[[0;32m  OK  [0m] Reached target Network.
[   22.142707] cloud-init[1095]: Cloud-init v. 0.7.9 running 'init' at Mon, 17 Jul 2017 18:22:29 +0000. Up 21.60 seconds.
[   22.248519] [cloud-init[0;32m  OK  [0m[1095]: ] ci-info: ++++++++++++++++++++++++++++++++++++++Net device info++++++++++++++++++++++++++++++++++++++Started Initial cloud-init job (metadata service crawler).

[   22.249378] cloud-init[1095]: ci-info: +--------+------+-----------------------------+---------------+-------+-------------------+
[   22.318416] [cloud-init[0;32m  OK  [0m[1095]: ] ci-info: | Device |  Up  |           Address           |      Mask     | Scope |     Hw-Address    |Reached target Cloud-config availability.

[[0;32m  OK  [0m] Reached target Network is Online.
[   22.319322] cloud-init[1095]: ci-info: +--------+------+-----------------------------+---------------+-------+-------------------+
[   22.461547] cloud-init[1095]: ci-info: |   lo   | True |          127.0.0.1          |   255.0.0.0   |   .   |         .         |
         Starting iSCSI initiator daemon (iscsid)...
[   22.504855] cloud-init[1095]: ci-info: |   lo   | True |           ::1/128           |       .       |  host |         .         |
[   22.539204] cloud-init[1095]: ci-info: | enp0s3 | True |          10.0.2.15          | 255.255.255.0 |   .   | 02:f4:7c:c4:3b:a3 |
[[0;32m  OK  [0m] Reached target System Initialization.
[   22.540321] cloud-init[1095]: ci-info: | enp0s3 | True |  fe80::f4:7cff:fec4:3ba3/64 |       .       |  link | 02:f4:7c:c4:3b:a3 |
[   22.620825] cloud-init[1095]: ci-info: | enp0s8 | True |        192.168.1.133        | 255.255.255.0 |   .   | 08:00:27:17:40:dc |
[   22.621288] cloud-init[1095]: ci-info: | enp0s8 | True | fe80::a00:27ff:fe17:40dc/64 |       .       |  link | 08:00:27:17:40:dc |
[[0;32m  OK  [0m] Started Daily apt activities.
[   22.621753] cloud-init[1095]: ci-info: +--------+------+-----------------------------+---------------+-------+-------------------+
[   22.856747] cloud-init[1095]: ci-info: +++++++++++++++++++++++++++Route IPv4 info++++++++++++++++++++++++++++
[   22.857294] cloud-init[1095]: ci-info: +-------+-------------+----------+---------------+-----------+-------+
         Starting LXD - unix socket.
[   22.857743] cloud-init[1095]: ci-info: | Route | Destination | Gateway  |    Genmask    | Interface | Flags |
[   22.985320] cloud-init[1095]: ci-info: +-------+-------------+----------+---------------+-----------+-------+
[[0;32m  OK  [0m] Started Daily Cleanup of Temporary Directories.
         Starting Socket activation for snappy daemon.
[   22.985639] cloud-init[1095]: ci-info: |   0   |   0.0.0.0   | 10.0.2.2 |    0.0.0.0    |   enp0s3  |   UG  |
[   23.238499] cloud-init[1095]: ci-info: |   1   |   10.0.2.0  | 0.0.0.0  | 255.255.255.0 |   enp0s3  |   U   |
[   23.238968] cloud-init[[1095]: [0;32m  OK  [0mci-info: |   2   | 192.168.1.0 | 0.0.0.0  | 255.255.255.0 |   enp0s8  |   U   |] 
Listening on ACPID Listen Socket.
[   23.239312] cloud-init[1095]: ci-info: +-------+-------------+----------+---------------+-----------+-------+
[[0;32m  OK  [0m] Started Timer to automatically refresh installed snaps.
[[0;32m  OK  [0m] Reached target Timers.
[[0;32m  OK  [0m] Listening on D-Bus System Message Bus Socket.
[[0;32m  OK  [0m] Started ACPI Events Check.
[[0;32m  OK  [0m] Reached target Paths.
[[0;32m  OK  [0m] Listening on UUID daemon activation socket.
[[0;32m  OK  [0m] Listening on LXD - unix socket.
[[0;32m  OK  [0m] Listening on Socket activation for snappy daemon.
[[0;32m  OK  [0m] Started iSCSI initiator daemon (iscsid).
         Starting Login to default iSCSI targets...
[[0;32m  OK  [0m] Reached target Sockets.
[[0;32m  OK  [0m] Reached target Basic System.
         Starting Accounts Service...
         Starting System Logging Service...
         Starting /etc/rc.local Compatibility...
         Starting OpenBSD Secure Shell server...
[[0;32m  OK  [0m] Started ACPI event daemon.
[[0;32m  OK  [0m] Started Snappy daemon.
[[0;32m  OK  [0m] Started Deferred execution scheduler.
[[0;32m  OK  [0m] Started FUSE filesystem for LXC.
         Starting LSB: Record successful boot for GRUB...
         Starting Apply the settings specified in cloud-config...
[[0;32m  OK  [0m] Started Regular background program processing daemon.
         Starting Auto import assertions from block devices...
[[0;32m  OK  [0m] Started Unattended Upgrades Shutdown.
         Starting Login Service...
[[0;32m  OK  [0m] Started D-Bus System Message Bus.
         Starting PostgreSQL Cluster 9.5-main...
         Starting LSB: MD monitoring daemon...
         Starting LXD - container startup/shutdown...
[[0;32m  OK  [0m] Started System Logging Service.
[[0;32m  OK  [0m] Started OpenBSD Secure Shell server.
[[0;32m  OK  [0m] Started /etc/rc.local Compatibility.
[[0;32m  OK  [0m] Started Auto import assertions from block devices.
[[0;32m  OK  [0m] Started Login to default iSCSI targets.
[[0;32m  OK  [0m] Started LSB: Record successful boot for GRUB.
[[0;32m  OK  [0m] Started LXD - container startup/shutdown.
[[0;32m  OK  [0m] Started LSB: MD monitoring daemon.
[[0;32m  OK  [0m] Started Login Service.
[   25.326795]          Starting Authenticate and Authorize Users to Run Privileged Tasks...
[[0;32m  OK  [0m] Reached target Remote File Systems (Pre).
cloud-init[1187]: Cloud-init v. 0.7.9 running 'modules:config' at Mon, 17 Jul 2017 18:22:32 +0000. Up 24.87 seconds.
[[0;32m  OK  [0m] Reached target Remote File Systems.
         Starting LSB: VirtualBox Linux Additions...
         Starting LSB: Start/stop sysstat's sadc...
         Starting LSB: Set the CPU Frequency Scaling governor to "ondemand"...
         Starting Permit User Sessions...
         Starting LSB: automatic crash report generation...
         Starting LSB: daemon to balance interrupts for SMP systems...
[[0;32m  OK  [0m] Started Apply the settings specified in cloud-config.
[[0;32m  OK  [0m] Started Permit User Sessions.
[[0;32m  OK  [0m] Started Authenticate and Authorize Users to Run Privileged Tasks.
[[0;32m  OK  [0m] Started Accounts Service.
[[0;32m  OK  [0m] Started LSB: Start/stop sysstat's sadc.
[[0;32m  OK  [0m] Started LSB: Set the CPU Frequency Scaling governor to "ondemand".
[[0;32m  OK  [0m] Started LSB: VirtualBox Linux Additions.
[[0;32m  OK  [0m] Started LSB: automatic crash report generation.
[[0;32m  OK  [0m] Created slice User Slice of ubuntu.
[[0;32m  OK  [0m] Started Session 1 of user ubuntu.
         Starting User Manager for UID 1000...
         Starting Terminate Plymouth Boot Screen...
         Starting Hold until boot process finishes up...
[[0;32m  OK  [0m] Started User Manager for UID 1000.
[[0;32m  OK  [0m] Started LSB: daemon to balance interrupts for SMP systems.
[[0;32m  OK  [0m] Started Terminate Plymouth Boot Screen.
[[0;32m  OK  [0m] Started Hold until boot process finishes up.
[[0;32m  OK  [0m] Started Getty on tty1.
[[0;32m  OK  [0m] Started Serial Getty on ttyS0.
[[0;32m  OK  [0m] Reached target Login Prompts.
         Starting Set console scheme...
[[0;32m  OK  [0m] Started Set console scheme.
[[0;32m  OK  [0m] Started PostgreSQL Cluster 9.5-main.
         Starting PostgreSQL RDBMS...
[[0;32m  OK  [0m] Started PostgreSQL RDBMS.
[[0;32m  OK  [0m] Reached target Multi-User System.
         Starting Execute cloud user/final scripts...
[[0;32m  OK  [0m] Reached target Graphical Interface.
         Starting Update UTMP about System Runlevel Changes...
[[0;32m  OK  [0m] Started Update UTMP about System Runlevel Changes.
[   28.691267] cloud-init[1426]: Cloud-init v. 0.7.9 running 'modules:final' at Mon, 17 Jul 2017 18:22:36 +0000. Up 28.48 seconds.
[   28.824538] cloud-init[1426]: Cloud-init v. 0.7.9 finished at Mon, 17 Jul 2017 18:22:36 +0000. Datasource DataSourceNoCloud [seed=/dev/sdb][dsmode=net].  Up 28.68 seconds
[[0;32m  OK  [0m] Started Execute cloud user/final scripts.
[[0;32m  OK  [0m] Reached target Cloud-init target.

Ubuntu 16.04.2 LTS ubuntu-xenial ttyS0

ubuntu-xenial login: 